<?xml version="1.0" encoding="UTF-8"?>
<coverage generated="1761287370292" clover="3.2.0">
  <project timestamp="1761287370293" name="All files">
    <metrics statements="96" coveredstatements="73" conditionals="64" coveredconditionals="29" methods="24" coveredmethods="20" elements="184" coveredelements="122" complexity="0" loc="96" ncloc="96" packages="2" files="3" classes="3"/>
    <package name="lib">
      <metrics statements="63" coveredstatements="49" conditionals="49" coveredconditionals="21" methods="20" coveredmethods="17"/>
      <file name="random.js" path="C:\Users\Dell\Desktop\binance-infinity-median\src\lib\random.js">
        <metrics statements="6" coveredstatements="6" conditionals="1" coveredconditionals="0" methods="1" coveredmethods="1"/>
        <line num="3" count="11" type="stmt"/>
        <line num="5" count="11" type="stmt"/>
        <line num="6" count="60" type="stmt"/>
        <line num="7" count="60" type="stmt"/>
        <line num="9" count="11" type="stmt"/>
        <line num="12" count="5" type="stmt"/>
      </file>
      <file name="rollingMedian.js" path="C:\Users\Dell\Desktop\binance-infinity-median\src\lib\rollingMedian.js">
        <metrics statements="57" coveredstatements="43" conditionals="48" coveredconditionals="21" methods="19" coveredmethods="16"/>
        <line num="6" count="37" type="stmt"/>
        <line num="7" count="81" type="stmt"/>
        <line num="8" count="4" type="stmt"/>
        <line num="9" count="14" type="stmt"/>
        <line num="11" count="5" type="cond" truecount="1" falsecount="1"/>
        <line num="12" count="5" type="stmt"/>
        <line num="13" count="5" type="stmt"/>
        <line num="14" count="5" type="cond" truecount="1" falsecount="1"/>
        <line num="15" count="5" type="stmt"/>
        <line num="18" count="14" type="stmt"/>
        <line num="19" count="14" type="stmt"/>
        <line num="20" count="5" type="stmt"/>
        <line num="21" count="5" type="cond" truecount="2" falsecount="0"/>
        <line num="22" count="4" type="stmt"/>
        <line num="26" count="5" type="stmt"/>
        <line num="27" count="5" type="stmt"/>
        <line num="28" count="5" type="stmt"/>
        <line num="29" count="5" type="cond" truecount="2" falsecount="2"/>
        <line num="30" count="5" type="cond" truecount="2" falsecount="4"/>
        <line num="31" count="5" type="cond" truecount="1" falsecount="1"/>
        <line num="32" count="0" type="stmt"/>
        <line num="38" count="37" type="stmt"/>
        <line num="39" count="106" type="stmt"/>
        <line num="40" count="27" type="stmt"/>
        <line num="41" count="18" type="stmt"/>
        <line num="43" count="0" type="cond" truecount="0" falsecount="2"/>
        <line num="44" count="0" type="stmt"/>
        <line num="45" count="0" type="stmt"/>
        <line num="46" count="0" type="cond" truecount="0" falsecount="2"/>
        <line num="47" count="0" type="stmt"/>
        <line num="50" count="18" type="stmt"/>
        <line num="51" count="18" type="stmt"/>
        <line num="52" count="5" type="stmt"/>
        <line num="53" count="5" type="cond" truecount="1" falsecount="1"/>
        <line num="54" count="5" type="stmt"/>
        <line num="58" count="0" type="stmt"/>
        <line num="59" count="0" type="stmt"/>
        <line num="60" count="0" type="stmt"/>
        <line num="61" count="0" type="cond" truecount="0" falsecount="4"/>
        <line num="62" count="0" type="cond" truecount="0" falsecount="6"/>
        <line num="63" count="0" type="cond" truecount="0" falsecount="2"/>
        <line num="64" count="0" type="stmt"/>
        <line num="71" count="37" type="stmt"/>
        <line num="72" count="37" type="stmt"/>
        <line num="75" count="37" type="stmt"/>
        <line num="78" count="27" type="cond" truecount="4" falsecount="0"/>
        <line num="79" count="14" type="stmt"/>
        <line num="80" count="27" type="stmt"/>
        <line num="81" count="27" type="stmt"/>
        <line num="87" count="17" type="cond" truecount="2" falsecount="0"/>
        <line num="88" count="8" type="cond" truecount="2" falsecount="0"/>
        <line num="89" count="4" type="stmt"/>
        <line num="90" count="9" type="stmt"/>
        <line num="96" count="0" type="stmt"/>
        <line num="99" count="27" type="cond" truecount="1" falsecount="1"/>
        <line num="100" count="27" type="cond" truecount="2" falsecount="0"/>
        <line num="104" count="5" type="stmt"/>
      </file>
    </package>
    <package name="services">
      <metrics statements="33" coveredstatements="24" conditionals="15" coveredconditionals="8" methods="4" coveredmethods="3"/>
      <file name="medianManager.js" path="C:\Users\Dell\Desktop\binance-infinity-median\src\services\medianManager.js">
        <metrics statements="33" coveredstatements="24" conditionals="15" coveredconditionals="8" methods="4" coveredmethods="3"/>
        <line num="1" count="2" type="stmt"/>
        <line num="2" count="2" type="stmt"/>
        <line num="3" count="2" type="stmt"/>
        <line num="5" count="2" type="stmt"/>
        <line num="6" count="2" type="stmt"/>
        <line num="7" count="2" type="stmt"/>
        <line num="8" count="2" type="stmt"/>
        <line num="11" count="2" type="stmt"/>
        <line num="12" count="2" type="stmt"/>
        <line num="15" count="4" type="stmt"/>
        <line num="17" count="4" type="cond" truecount="5" falsecount="0"/>
        <line num="18" count="2" type="stmt"/>
        <line num="20" count="2" type="stmt"/>
        <line num="21" count="2" type="stmt"/>
        <line num="22" count="40" type="stmt"/>
        <line num="24" count="2" type="stmt"/>
        <line num="27" count="2" type="stmt"/>
        <line num="28" count="20" type="stmt"/>
        <line num="29" count="20" type="stmt"/>
        <line num="33" count="2" type="cond" truecount="2" falsecount="2"/>
        <line num="34" count="0" type="stmt"/>
        <line num="35" count="0" type="stmt"/>
        <line num="36" count="0" type="stmt"/>
        <line num="40" count="2" type="stmt"/>
        <line num="41" count="2" type="cond" truecount="1" falsecount="1"/>
        <line num="43" count="2" type="stmt"/>
        <line num="45" count="0" type="stmt"/>
        <line num="46" count="0" type="stmt"/>
        <line num="51" count="0" type="cond" truecount="0" falsecount="4"/>
        <line num="52" count="0" type="stmt"/>
        <line num="53" count="0" type="stmt"/>
        <line num="54" count="0" type="stmt"/>
        <line num="58" count="2" type="stmt"/>
      </file>
    </package>
  </project>
</coverage>
