{"C:\\Users\\Dell\\Desktop\\binance-infinity-median\\src\\lib\\random.js": {"path":"C:\\Users\\Dell\\Desktop\\binance-infinity-median\\src\\lib\\random.js","statementMap":{"0":{"start":{"line":3,"column":14},"end":{"line":3,"column":26}},"1":{"start":{"line":5,"column":2},"end":{"line":8,"column":3}},"2":{"start":{"line":5,"column":15},"end":{"line":5,"column":29}},"3":{"start":{"line":6,"column":14},"end":{"line":6,"column":49}},"4":{"start":{"line":7,"column":5},"end":{"line":7,"column":40}},"5":{"start":{"line":9,"column":2},"end":{"line":9,"column":28}},"6":{"start":{"line":12,"column":0},"end":{"line":12,"column":35}}},"fnMap":{"0":{"name":"getRandomPairs","decl":{"start":{"line":1,"column":9},"end":{"line":1,"column":23}},"loc":{"start":{"line":1,"column":42},"end":{"line":10,"column":1}},"line":1}},"branchMap":{"0":{"loc":{"start":{"line":1,"column":30},"end":{"line":1,"column":40}},"type":"default-arg","locations":[{"start":{"line":1,"column":38},"end":{"line":1,"column":40}}],"line":1}},"s":{"0":11,"1":11,"2":11,"3":60,"4":60,"5":11,"6":5},"f":{"0":11},"b":{"0":[0]},"_coverageSchema":"1a1c01bbd47fc00a2c39e90264f33305004495a9","hash":"30b0d01aaae6c8b56bd124da266e101e65844a03"}
,"C:\\Users\\Dell\\Desktop\\binance-infinity-median\\src\\lib\\rollingMedian.js": {"path":"C:\\Users\\Dell\\Desktop\\binance-infinity-median\\src\\lib\\rollingMedian.js","statementMap":{"0":{"start":{"line":6,"column":18},"end":{"line":6,"column":32}},"1":{"start":{"line":7,"column":11},"end":{"line":7,"column":34}},"2":{"start":{"line":8,"column":11},"end":{"line":8,"column":30}},"3":{"start":{"line":9,"column":14},"end":{"line":9,"column":34}},"4":{"start":{"line":9,"column":35},"end":{"line":9,"column":71}},"5":{"start":{"line":11,"column":4},"end":{"line":11,"column":38}},"6":{"start":{"line":11,"column":27},"end":{"line":11,"column":38}},"7":{"start":{"line":12,"column":17},"end":{"line":12,"column":29}},"8":{"start":{"line":13,"column":16},"end":{"line":13,"column":31}},"9":{"start":{"line":14,"column":4},"end":{"line":14,"column":68}},"10":{"start":{"line":14,"column":27},"end":{"line":14,"column":46}},"11":{"start":{"line":14,"column":47},"end":{"line":14,"column":66}},"12":{"start":{"line":15,"column":4},"end":{"line":15,"column":15}},"13":{"start":{"line":18,"column":14},"end":{"line":18,"column":26}},"14":{"start":{"line":19,"column":4},"end":{"line":23,"column":5}},"15":{"start":{"line":20,"column":16},"end":{"line":20,"column":39}},"16":{"start":{"line":21,"column":6},"end":{"line":21,"column":34}},"17":{"start":{"line":21,"column":29},"end":{"line":21,"column":34}},"18":{"start":{"line":22,"column":6},"end":{"line":22,"column":34}},"19":{"start":{"line":22,"column":35},"end":{"line":22,"column":52}},"20":{"start":{"line":22,"column":53},"end":{"line":22,"column":58}},"21":{"start":{"line":26,"column":14},"end":{"line":26,"column":26}},"22":{"start":{"line":26,"column":32},"end":{"line":26,"column":48}},"23":{"start":{"line":27,"column":4},"end":{"line":33,"column":5}},"24":{"start":{"line":28,"column":15},"end":{"line":28,"column":24}},"25":{"start":{"line":28,"column":31},"end":{"line":28,"column":40}},"26":{"start":{"line":28,"column":49},"end":{"line":28,"column":53}},"27":{"start":{"line":29,"column":6},"end":{"line":29,"column":48}},"28":{"start":{"line":29,"column":39},"end":{"line":29,"column":48}},"29":{"start":{"line":30,"column":6},"end":{"line":30,"column":98}},"30":{"start":{"line":30,"column":89},"end":{"line":30,"column":98}},"31":{"start":{"line":31,"column":6},"end":{"line":31,"column":30}},"32":{"start":{"line":31,"column":25},"end":{"line":31,"column":30}},"33":{"start":{"line":32,"column":6},"end":{"line":32,"column":37}},"34":{"start":{"line":32,"column":38},"end":{"line":32,"column":58}},"35":{"start":{"line":32,"column":59},"end":{"line":32,"column":67}},"36":{"start":{"line":38,"column":18},"end":{"line":38,"column":32}},"37":{"start":{"line":39,"column":11},"end":{"line":39,"column":34}},"38":{"start":{"line":40,"column":11},"end":{"line":40,"column":30}},"39":{"start":{"line":41,"column":14},"end":{"line":41,"column":34}},"40":{"start":{"line":41,"column":35},"end":{"line":41,"column":71}},"41":{"start":{"line":43,"column":4},"end":{"line":43,"column":38}},"42":{"start":{"line":43,"column":27},"end":{"line":43,"column":38}},"43":{"start":{"line":44,"column":17},"end":{"line":44,"column":29}},"44":{"start":{"line":45,"column":16},"end":{"line":45,"column":31}},"45":{"start":{"line":46,"column":4},"end":{"line":46,"column":68}},"46":{"start":{"line":46,"column":27},"end":{"line":46,"column":46}},"47":{"start":{"line":46,"column":47},"end":{"line":46,"column":66}},"48":{"start":{"line":47,"column":4},"end":{"line":47,"column":15}},"49":{"start":{"line":50,"column":14},"end":{"line":50,"column":26}},"50":{"start":{"line":51,"column":4},"end":{"line":55,"column":5}},"51":{"start":{"line":52,"column":16},"end":{"line":52,"column":39}},"52":{"start":{"line":53,"column":6},"end":{"line":53,"column":34}},"53":{"start":{"line":53,"column":29},"end":{"line":53,"column":34}},"54":{"start":{"line":54,"column":6},"end":{"line":54,"column":34}},"55":{"start":{"line":54,"column":35},"end":{"line":54,"column":52}},"56":{"start":{"line":54,"column":53},"end":{"line":54,"column":58}},"57":{"start":{"line":58,"column":14},"end":{"line":58,"column":26}},"58":{"start":{"line":58,"column":32},"end":{"line":58,"column":48}},"59":{"start":{"line":59,"column":4},"end":{"line":65,"column":5}},"60":{"start":{"line":60,"column":15},"end":{"line":60,"column":24}},"61":{"start":{"line":60,"column":31},"end":{"line":60,"column":40}},"62":{"start":{"line":60,"column":49},"end":{"line":60,"column":53}},"63":{"start":{"line":61,"column":6},"end":{"line":61,"column":48}},"64":{"start":{"line":61,"column":39},"end":{"line":61,"column":48}},"65":{"start":{"line":62,"column":6},"end":{"line":62,"column":98}},"66":{"start":{"line":62,"column":89},"end":{"line":62,"column":98}},"67":{"start":{"line":63,"column":6},"end":{"line":63,"column":30}},"68":{"start":{"line":63,"column":25},"end":{"line":63,"column":30}},"69":{"start":{"line":64,"column":6},"end":{"line":64,"column":37}},"70":{"start":{"line":64,"column":38},"end":{"line":64,"column":58}},"71":{"start":{"line":64,"column":59},"end":{"line":64,"column":67}},"72":{"start":{"line":71,"column":4},"end":{"line":71,"column":29}},"73":{"start":{"line":72,"column":4},"end":{"line":72,"column":30}},"74":{"start":{"line":75,"column":4},"end":{"line":75,"column":19}},"75":{"start":{"line":78,"column":4},"end":{"line":79,"column":31}},"76":{"start":{"line":78,"column":60},"end":{"line":78,"column":81}},"77":{"start":{"line":79,"column":9},"end":{"line":79,"column":31}},"78":{"start":{"line":80,"column":4},"end":{"line":80,"column":21}},"79":{"start":{"line":81,"column":4},"end":{"line":81,"column":17}},"80":{"start":{"line":87,"column":4},"end":{"line":90,"column":34}},"81":{"start":{"line":88,"column":6},"end":{"line":88,"column":45}},"82":{"start":{"line":88,"column":34},"end":{"line":88,"column":45}},"83":{"start":{"line":89,"column":6},"end":{"line":89,"column":55}},"84":{"start":{"line":90,"column":11},"end":{"line":90,"column":34}},"85":{"start":{"line":96,"column":4},"end":{"line":96,"column":22}},"86":{"start":{"line":99,"column":4},"end":{"line":100,"column":83}},"87":{"start":{"line":99,"column":50},"end":{"line":99,"column":82}},"88":{"start":{"line":100,"column":9},"end":{"line":100,"column":83}},"89":{"start":{"line":100,"column":51},"end":{"line":100,"column":83}},"90":{"start":{"line":104,"column":0},"end":{"line":104,"column":36}}},"fnMap":{"0":{"name":"(anonymous_0)","decl":{"start":{"line":6,"column":2},"end":{"line":6,"column":3}},"loc":{"start":{"line":6,"column":16},"end":{"line":6,"column":34}},"line":6},"1":{"name":"(anonymous_1)","decl":{"start":{"line":7,"column":2},"end":{"line":7,"column":3}},"loc":{"start":{"line":7,"column":9},"end":{"line":7,"column":36}},"line":7},"2":{"name":"(anonymous_2)","decl":{"start":{"line":8,"column":2},"end":{"line":8,"column":3}},"loc":{"start":{"line":8,"column":9},"end":{"line":8,"column":32}},"line":8},"3":{"name":"(anonymous_3)","decl":{"start":{"line":9,"column":2},"end":{"line":9,"column":3}},"loc":{"start":{"line":9,"column":12},"end":{"line":9,"column":73}},"line":9},"4":{"name":"(anonymous_4)","decl":{"start":{"line":10,"column":2},"end":{"line":10,"column":3}},"loc":{"start":{"line":10,"column":8},"end":{"line":16,"column":3}},"line":10},"5":{"name":"(anonymous_5)","decl":{"start":{"line":17,"column":2},"end":{"line":17,"column":3}},"loc":{"start":{"line":17,"column":15},"end":{"line":24,"column":3}},"line":17},"6":{"name":"(anonymous_6)","decl":{"start":{"line":25,"column":2},"end":{"line":25,"column":3}},"loc":{"start":{"line":25,"column":17},"end":{"line":34,"column":3}},"line":25},"7":{"name":"(anonymous_7)","decl":{"start":{"line":38,"column":2},"end":{"line":38,"column":3}},"loc":{"start":{"line":38,"column":16},"end":{"line":38,"column":34}},"line":38},"8":{"name":"(anonymous_8)","decl":{"start":{"line":39,"column":2},"end":{"line":39,"column":3}},"loc":{"start":{"line":39,"column":9},"end":{"line":39,"column":36}},"line":39},"9":{"name":"(anonymous_9)","decl":{"start":{"line":40,"column":2},"end":{"line":40,"column":3}},"loc":{"start":{"line":40,"column":9},"end":{"line":40,"column":32}},"line":40},"10":{"name":"(anonymous_10)","decl":{"start":{"line":41,"column":2},"end":{"line":41,"column":3}},"loc":{"start":{"line":41,"column":12},"end":{"line":41,"column":73}},"line":41},"11":{"name":"(anonymous_11)","decl":{"start":{"line":42,"column":2},"end":{"line":42,"column":3}},"loc":{"start":{"line":42,"column":8},"end":{"line":48,"column":3}},"line":42},"12":{"name":"(anonymous_12)","decl":{"start":{"line":49,"column":2},"end":{"line":49,"column":3}},"loc":{"start":{"line":49,"column":15},"end":{"line":56,"column":3}},"line":49},"13":{"name":"(anonymous_13)","decl":{"start":{"line":57,"column":2},"end":{"line":57,"column":3}},"loc":{"start":{"line":57,"column":17},"end":{"line":66,"column":3}},"line":57},"14":{"name":"(anonymous_14)","decl":{"start":{"line":70,"column":2},"end":{"line":70,"column":3}},"loc":{"start":{"line":70,"column":16},"end":{"line":76,"column":3}},"line":70},"15":{"name":"(anonymous_15)","decl":{"start":{"line":77,"column":2},"end":{"line":77,"column":3}},"loc":{"start":{"line":77,"column":13},"end":{"line":82,"column":3}},"line":77},"16":{"name":"(anonymous_16)","decl":{"start":{"line":86,"column":2},"end":{"line":86,"column":3}},"loc":{"start":{"line":86,"column":14},"end":{"line":91,"column":3}},"line":86},"17":{"name":"(anonymous_17)","decl":{"start":{"line":95,"column":2},"end":{"line":95,"column":3}},"loc":{"start":{"line":95,"column":10},"end":{"line":97,"column":3}},"line":95},"18":{"name":"(anonymous_18)","decl":{"start":{"line":98,"column":2},"end":{"line":98,"column":3}},"loc":{"start":{"line":98,"column":15},"end":{"line":101,"column":3}},"line":98}},"branchMap":{"0":{"loc":{"start":{"line":11,"column":4},"end":{"line":11,"column":38}},"type":"if","locations":[{"start":{"line":11,"column":4},"end":{"line":11,"column":38}},{"start":{},"end":{}}],"line":11},"1":{"loc":{"start":{"line":14,"column":4},"end":{"line":14,"column":68}},"type":"if","locations":[{"start":{"line":14,"column":4},"end":{"line":14,"column":68}},{"start":{},"end":{}}],"line":14},"2":{"loc":{"start":{"line":21,"column":6},"end":{"line":21,"column":34}},"type":"if","locations":[{"start":{"line":21,"column":6},"end":{"line":21,"column":34}},{"start":{},"end":{}}],"line":21},"3":{"loc":{"start":{"line":29,"column":6},"end":{"line":29,"column":48}},"type":"if","locations":[{"start":{"line":29,"column":6},"end":{"line":29,"column":48}},{"start":{},"end":{}}],"line":29},"4":{"loc":{"start":{"line":29,"column":10},"end":{"line":29,"column":37}},"type":"binary-expr","locations":[{"start":{"line":29,"column":10},"end":{"line":29,"column":16}},{"start":{"line":29,"column":20},"end":{"line":29,"column":37}}],"line":29},"5":{"loc":{"start":{"line":30,"column":6},"end":{"line":30,"column":98}},"type":"if","locations":[{"start":{"line":30,"column":6},"end":{"line":30,"column":98}},{"start":{},"end":{}}],"line":30},"6":{"loc":{"start":{"line":30,"column":10},"end":{"line":30,"column":87}},"type":"binary-expr","locations":[{"start":{"line":30,"column":10},"end":{"line":30,"column":16}},{"start":{"line":30,"column":21},"end":{"line":30,"column":86}}],"line":30},"7":{"loc":{"start":{"line":30,"column":21},"end":{"line":30,"column":86}},"type":"cond-expr","locations":[{"start":{"line":30,"column":37},"end":{"line":30,"column":54}},{"start":{"line":30,"column":57},"end":{"line":30,"column":86}}],"line":30},"8":{"loc":{"start":{"line":31,"column":6},"end":{"line":31,"column":30}},"type":"if","locations":[{"start":{"line":31,"column":6},"end":{"line":31,"column":30}},{"start":{},"end":{}}],"line":31},"9":{"loc":{"start":{"line":43,"column":4},"end":{"line":43,"column":38}},"type":"if","locations":[{"start":{"line":43,"column":4},"end":{"line":43,"column":38}},{"start":{},"end":{}}],"line":43},"10":{"loc":{"start":{"line":46,"column":4},"end":{"line":46,"column":68}},"type":"if","locations":[{"start":{"line":46,"column":4},"end":{"line":46,"column":68}},{"start":{},"end":{}}],"line":46},"11":{"loc":{"start":{"line":53,"column":6},"end":{"line":53,"column":34}},"type":"if","locations":[{"start":{"line":53,"column":6},"end":{"line":53,"column":34}},{"start":{},"end":{}}],"line":53},"12":{"loc":{"start":{"line":61,"column":6},"end":{"line":61,"column":48}},"type":"if","locations":[{"start":{"line":61,"column":6},"end":{"line":61,"column":48}},{"start":{},"end":{}}],"line":61},"13":{"loc":{"start":{"line":61,"column":10},"end":{"line":61,"column":37}},"type":"binary-expr","locations":[{"start":{"line":61,"column":10},"end":{"line":61,"column":16}},{"start":{"line":61,"column":20},"end":{"line":61,"column":37}}],"line":61},"14":{"loc":{"start":{"line":62,"column":6},"end":{"line":62,"column":98}},"type":"if","locations":[{"start":{"line":62,"column":6},"end":{"line":62,"column":98}},{"start":{},"end":{}}],"line":62},"15":{"loc":{"start":{"line":62,"column":10},"end":{"line":62,"column":87}},"type":"binary-expr","locations":[{"start":{"line":62,"column":10},"end":{"line":62,"column":16}},{"start":{"line":62,"column":21},"end":{"line":62,"column":86}}],"line":62},"16":{"loc":{"start":{"line":62,"column":21},"end":{"line":62,"column":86}},"type":"cond-expr","locations":[{"start":{"line":62,"column":37},"end":{"line":62,"column":54}},{"start":{"line":62,"column":57},"end":{"line":62,"column":86}}],"line":62},"17":{"loc":{"start":{"line":63,"column":6},"end":{"line":63,"column":30}},"type":"if","locations":[{"start":{"line":63,"column":6},"end":{"line":63,"column":30}},{"start":{},"end":{}}],"line":63},"18":{"loc":{"start":{"line":78,"column":4},"end":{"line":79,"column":31}},"type":"if","locations":[{"start":{"line":78,"column":4},"end":{"line":79,"column":31}},{"start":{"line":79,"column":9},"end":{"line":79,"column":31}}],"line":78},"19":{"loc":{"start":{"line":78,"column":8},"end":{"line":78,"column":58}},"type":"binary-expr","locations":[{"start":{"line":78,"column":8},"end":{"line":78,"column":30}},{"start":{"line":78,"column":34},"end":{"line":78,"column":58}}],"line":78},"20":{"loc":{"start":{"line":87,"column":4},"end":{"line":90,"column":34}},"type":"if","locations":[{"start":{"line":87,"column":4},"end":{"line":90,"column":34}},{"start":{"line":90,"column":11},"end":{"line":90,"column":34}}],"line":87},"21":{"loc":{"start":{"line":88,"column":6},"end":{"line":88,"column":45}},"type":"if","locations":[{"start":{"line":88,"column":6},"end":{"line":88,"column":45}},{"start":{},"end":{}}],"line":88},"22":{"loc":{"start":{"line":99,"column":4},"end":{"line":100,"column":83}},"type":"if","locations":[{"start":{"line":99,"column":4},"end":{"line":100,"column":83}},{"start":{"line":100,"column":9},"end":{"line":100,"column":83}}],"line":99},"23":{"loc":{"start":{"line":100,"column":9},"end":{"line":100,"column":83}},"type":"if","locations":[{"start":{"line":100,"column":9},"end":{"line":100,"column":83}},{"start":{},"end":{}}],"line":100}},"s":{"0":37,"1":81,"2":4,"3":14,"4":14,"5":5,"6":0,"7":5,"8":5,"9":5,"10":5,"11":5,"12":5,"13":14,"14":14,"15":5,"16":5,"17":1,"18":4,"19":4,"20":4,"21":5,"22":5,"23":5,"24":5,"25":5,"26":5,"27":5,"28":0,"29":5,"30":0,"31":5,"32":5,"33":0,"34":0,"35":0,"36":37,"37":106,"38":27,"39":18,"40":18,"41":0,"42":0,"43":0,"44":0,"45":0,"46":0,"47":0,"48":0,"49":18,"50":18,"51":5,"52":5,"53":0,"54":5,"55":5,"56":5,"57":0,"58":0,"59":0,"60":0,"61":0,"62":0,"63":0,"64":0,"65":0,"66":0,"67":0,"68":0,"69":0,"70":0,"71":0,"72":37,"73":37,"74":37,"75":27,"76":13,"77":14,"78":27,"79":27,"80":17,"81":8,"82":4,"83":4,"84":9,"85":0,"86":27,"87":0,"88":27,"89":5,"90":5},"f":{"0":37,"1":81,"2":4,"3":14,"4":5,"5":14,"6":5,"7":37,"8":106,"9":27,"10":18,"11":0,"12":18,"13":0,"14":37,"15":27,"16":17,"17":0,"18":27},"b":{"0":[0,5],"1":[5,0],"2":[1,4],"3":[0,5],"4":[5,0],"5":[0,5],"6":[5,0],"7":[0,0],"8":[5,0],"9":[0,0],"10":[0,0],"11":[0,5],"12":[0,0],"13":[0,0],"14":[0,0],"15":[0,0],"16":[0,0],"17":[0,0],"18":[13,14],"19":[27,14],"20":[8,9],"21":[4,4],"22":[0,27],"23":[5,22]},"_coverageSchema":"1a1c01bbd47fc00a2c39e90264f33305004495a9","hash":"16a76a2c26dea0d774575705294b4d4c38ac1d8e"}
,"C:\\Users\\Dell\\Desktop\\binance-infinity-median\\src\\services\\medianManager.js": {"path":"C:\\Users\\Dell\\Desktop\\binance-infinity-median\\src\\services\\medianManager.js","statementMap":{"0":{"start":{"line":1,"column":28},"end":{"line":1,"column":59}},"1":{"start":{"line":2,"column":27},"end":{"line":2,"column":51}},"2":{"start":{"line":3,"column":28},"end":{"line":3,"column":52}},"3":{"start":{"line":5,"column":21},"end":{"line":5,"column":23}},"4":{"start":{"line":6,"column":19},"end":{"line":6,"column":21}},"5":{"start":{"line":7,"column":20},"end":{"line":7,"column":22}},"6":{"start":{"line":8,"column":20},"end":{"line":8,"column":22}},"7":{"start":{"line":11,"column":18},"end":{"line":11,"column":23}},"8":{"start":{"line":12,"column":23},"end":{"line":12,"column":27}},"9":{"start":{"line":15,"column":2},"end":{"line":47,"column":3}},"10":{"start":{"line":17,"column":4},"end":{"line":19,"column":5}},"11":{"start":{"line":18,"column":6},"end":{"line":18,"column":41}},"12":{"start":{"line":20,"column":21},"end":{"line":20,"column":79}},"13":{"start":{"line":21,"column":17},"end":{"line":21,"column":38}},"14":{"start":{"line":22,"column":20},"end":{"line":22,"column":49}},"15":{"start":{"line":22,"column":37},"end":{"line":22,"column":48}},"16":{"start":{"line":24,"column":4},"end":{"line":24,"column":48}},"17":{"start":{"line":27,"column":4},"end":{"line":30,"column":6}},"18":{"start":{"line":28,"column":6},"end":{"line":28,"column":48}},"19":{"start":{"line":29,"column":6},"end":{"line":29,"column":36}},"20":{"start":{"line":33,"column":4},"end":{"line":37,"column":5}},"21":{"start":{"line":34,"column":6},"end":{"line":34,"column":64}},"22":{"start":{"line":34,"column":12},"end":{"line":34,"column":35}},"23":{"start":{"line":35,"column":6},"end":{"line":35,"column":29}},"24":{"start":{"line":36,"column":6},"end":{"line":36,"column":25}},"25":{"start":{"line":40,"column":4},"end":{"line":40,"column":98}},"26":{"start":{"line":41,"column":4},"end":{"line":41,"column":44}},"27":{"start":{"line":41,"column":26},"end":{"line":41,"column":44}},"28":{"start":{"line":43,"column":4},"end":{"line":43,"column":32}},"29":{"start":{"line":45,"column":4},"end":{"line":45,"column":22}},"30":{"start":{"line":46,"column":4},"end":{"line":46,"column":60}},"31":{"start":{"line":51,"column":2},"end":{"line":55,"column":3}},"32":{"start":{"line":52,"column":4},"end":{"line":52,"column":62}},"33":{"start":{"line":52,"column":10},"end":{"line":52,"column":33}},"34":{"start":{"line":53,"column":4},"end":{"line":53,"column":27}},"35":{"start":{"line":54,"column":4},"end":{"line":54,"column":23}},"36":{"start":{"line":58,"column":0},"end":{"line":58,"column":90}}},"fnMap":{"0":{"name":"fetchPairs","decl":{"start":{"line":14,"column":15},"end":{"line":14,"column":25}},"loc":{"start":{"line":14,"column":36},"end":{"line":48,"column":1}},"line":14},"1":{"name":"(anonymous_1)","decl":{"start":{"line":22,"column":29},"end":{"line":22,"column":30}},"loc":{"start":{"line":22,"column":37},"end":{"line":22,"column":48}},"line":22},"2":{"name":"(anonymous_2)","decl":{"start":{"line":27,"column":27},"end":{"line":27,"column":28}},"loc":{"start":{"line":27,"column":34},"end":{"line":30,"column":5}},"line":27},"3":{"name":"stopStreaming","decl":{"start":{"line":50,"column":9},"end":{"line":50,"column":22}},"loc":{"start":{"line":50,"column":25},"end":{"line":56,"column":1}},"line":50}},"branchMap":{"0":{"loc":{"start":{"line":17,"column":4},"end":{"line":19,"column":5}},"type":"if","locations":[{"start":{"line":17,"column":4},"end":{"line":19,"column":5}},{"start":{},"end":{}}],"line":17},"1":{"loc":{"start":{"line":17,"column":8},"end":{"line":17,"column":65}},"type":"binary-expr","locations":[{"start":{"line":17,"column":8},"end":{"line":17,"column":19}},{"start":{"line":17,"column":24},"end":{"line":17,"column":34}},{"start":{"line":17,"column":38},"end":{"line":17,"column":64}}],"line":17},"2":{"loc":{"start":{"line":33,"column":4},"end":{"line":37,"column":5}},"type":"if","locations":[{"start":{"line":33,"column":4},"end":{"line":37,"column":5}},{"start":{},"end":{}}],"line":33},"3":{"loc":{"start":{"line":33,"column":8},"end":{"line":33,"column":71}},"type":"binary-expr","locations":[{"start":{"line":33,"column":8},"end":{"line":33,"column":24}},{"start":{"line":33,"column":28},"end":{"line":33,"column":71}}],"line":33},"4":{"loc":{"start":{"line":41,"column":4},"end":{"line":41,"column":44}},"type":"if","locations":[{"start":{"line":41,"column":4},"end":{"line":41,"column":44}},{"start":{},"end":{}}],"line":41},"5":{"loc":{"start":{"line":51,"column":2},"end":{"line":55,"column":3}},"type":"if","locations":[{"start":{"line":51,"column":2},"end":{"line":55,"column":3}},{"start":{},"end":{}}],"line":51},"6":{"loc":{"start":{"line":51,"column":6},"end":{"line":51,"column":69}},"type":"binary-expr","locations":[{"start":{"line":51,"column":6},"end":{"line":51,"column":22}},{"start":{"line":51,"column":26},"end":{"line":51,"column":69}}],"line":51}},"s":{"0":2,"1":2,"2":2,"3":2,"4":2,"5":2,"6":2,"7":2,"8":2,"9":4,"10":4,"11":2,"12":2,"13":2,"14":2,"15":40,"16":2,"17":2,"18":20,"19":20,"20":2,"21":0,"22":0,"23":0,"24":0,"25":2,"26":2,"27":2,"28":2,"29":0,"30":0,"31":0,"32":0,"33":0,"34":0,"35":0,"36":2},"f":{"0":4,"1":40,"2":20,"3":0},"b":{"0":[2,2],"1":[4,2,2],"2":[0,2],"3":[2,0],"4":[2,0],"5":[0,0],"6":[0,0]},"_coverageSchema":"1a1c01bbd47fc00a2c39e90264f33305004495a9","hash":"cec0fb50bee4d6007a7ff9f5279e91a2b44b80ba"}
}
