TN:
SF:src\lib\random.js
FN:1,getRandomPairs
FNF:1
FNH:1
FNDA:11,getRandomPairs
DA:3,11
DA:5,11
DA:6,60
DA:7,60
DA:9,11
DA:12,5
LF:6
LH:6
BRDA:1,0,0,0
BRF:1
BRH:0
end_of_record
TN:
SF:src\lib\rollingMedian.js
FN:6,(anonymous_0)
FN:7,(anonymous_1)
FN:8,(anonymous_2)
FN:9,(anonymous_3)
FN:10,(anonymous_4)
FN:17,(anonymous_5)
FN:25,(anonymous_6)
FN:38,(anonymous_7)
FN:39,(anonymous_8)
FN:40,(anonymous_9)
FN:41,(anonymous_10)
FN:42,(anonymous_11)
FN:49,(anonymous_12)
FN:57,(anonymous_13)
FN:70,(anonymous_14)
FN:77,(anonymous_15)
FN:86,(anonymous_16)
FN:95,(anonymous_17)
FN:98,(anonymous_18)
FNF:19
FNH:16
FNDA:37,(anonymous_0)
FNDA:81,(anonymous_1)
FNDA:4,(anonymous_2)
FNDA:14,(anonymous_3)
FNDA:5,(anonymous_4)
FNDA:14,(anonymous_5)
FNDA:5,(anonymous_6)
FNDA:37,(anonymous_7)
FNDA:106,(anonymous_8)
FNDA:27,(anonymous_9)
FNDA:18,(anonymous_10)
FNDA:0,(anonymous_11)
FNDA:18,(anonymous_12)
FNDA:0,(anonymous_13)
FNDA:37,(anonymous_14)
FNDA:27,(anonymous_15)
FNDA:17,(anonymous_16)
FNDA:0,(anonymous_17)
FNDA:27,(anonymous_18)
DA:6,37
DA:7,81
DA:8,4
DA:9,14
DA:11,5
DA:12,5
DA:13,5
DA:14,5
DA:15,5
DA:18,14
DA:19,14
DA:20,5
DA:21,5
DA:22,4
DA:26,5
DA:27,5
DA:28,5
DA:29,5
DA:30,5
DA:31,5
DA:32,0
DA:38,37
DA:39,106
DA:40,27
DA:41,18
DA:43,0
DA:44,0
DA:45,0
DA:46,0
DA:47,0
DA:50,18
DA:51,18
DA:52,5
DA:53,5
DA:54,5
DA:58,0
DA:59,0
DA:60,0
DA:61,0
DA:62,0
DA:63,0
DA:64,0
DA:71,37
DA:72,37
DA:75,37
DA:78,27
DA:79,14
DA:80,27
DA:81,27
DA:87,17
DA:88,8
DA:89,4
DA:90,9
DA:96,0
DA:99,27
DA:100,27
DA:104,5
LF:57
LH:43
BRDA:11,0,0,0
BRDA:11,0,1,5
BRDA:14,1,0,5
BRDA:14,1,1,0
BRDA:21,2,0,1
BRDA:21,2,1,4
BRDA:29,3,0,0
BRDA:29,3,1,5
BRDA:29,4,0,5
BRDA:29,4,1,0
BRDA:30,5,0,0
BRDA:30,5,1,5
BRDA:30,6,0,5
BRDA:30,6,1,0
BRDA:30,7,0,0
BRDA:30,7,1,0
BRDA:31,8,0,5
BRDA:31,8,1,0
BRDA:43,9,0,0
BRDA:43,9,1,0
BRDA:46,10,0,0
BRDA:46,10,1,0
BRDA:53,11,0,0
BRDA:53,11,1,5
BRDA:61,12,0,0
BRDA:61,12,1,0
BRDA:61,13,0,0
BRDA:61,13,1,0
BRDA:62,14,0,0
BRDA:62,14,1,0
BRDA:62,15,0,0
BRDA:62,15,1,0
BRDA:62,16,0,0
BRDA:62,16,1,0
BRDA:63,17,0,0
BRDA:63,17,1,0
BRDA:78,18,0,13
BRDA:78,18,1,14
BRDA:78,19,0,27
BRDA:78,19,1,14
BRDA:87,20,0,8
BRDA:87,20,1,9
BRDA:88,21,0,4
BRDA:88,21,1,4
BRDA:99,22,0,0
BRDA:99,22,1,27
BRDA:100,23,0,5
BRDA:100,23,1,22
BRF:48
BRH:21
end_of_record
TN:
SF:src\services\medianManager.js
FN:14,fetchPairs
FN:22,(anonymous_1)
FN:27,(anonymous_2)
FN:50,stopStreaming
FNF:4
FNH:3
FNDA:4,fetchPairs
FNDA:40,(anonymous_1)
FNDA:20,(anonymous_2)
FNDA:0,stopStreaming
DA:1,2
DA:2,2
DA:3,2
DA:5,2
DA:6,2
DA:7,2
DA:8,2
DA:11,2
DA:12,2
DA:15,4
DA:17,4
DA:18,2
DA:20,2
DA:21,2
DA:22,40
DA:24,2
DA:27,2
DA:28,20
DA:29,20
DA:33,2
DA:34,0
DA:35,0
DA:36,0
DA:40,2
DA:41,2
DA:43,2
DA:45,0
DA:46,0
DA:51,0
DA:52,0
DA:53,0
DA:54,0
DA:58,2
LF:33
LH:24
BRDA:17,0,0,2
BRDA:17,0,1,2
BRDA:17,1,0,4
BRDA:17,1,1,2
BRDA:17,1,2,2
BRDA:33,2,0,0
BRDA:33,2,1,2
BRDA:33,3,0,2
BRDA:33,3,1,0
BRDA:41,4,0,2
BRDA:41,4,1,0
BRDA:51,5,0,0
BRDA:51,5,1,0
BRDA:51,6,0,0
BRDA:51,6,1,0
BRF:15
BRH:8
end_of_record
